Determining if the pthread_create exist failed with the following output:
Change Dir: /home/leizhu/git_repo/cs344/Problem Sets/Problem Set 2/CMakeFiles/CMakeTmp

Run Build Command:"/usr/bin/make" "cmTC_ca1df/fast"
/usr/bin/make -f CMakeFiles/cmTC_ca1df.dir/build.make CMakeFiles/cmTC_ca1df.dir/build
make[1]: Entering directory '/home/leizhu/git_repo/cs344/Problem Sets/Problem Set 2/CMakeFiles/CMakeTmp'
Building C object CMakeFiles/cmTC_ca1df.dir/CheckSymbolExists.c.o
/usr/bin/cc   -fPIC    -o CMakeFiles/cmTC_ca1df.dir/CheckSymbolExists.c.o   -c "/home/leizhu/git_repo/cs344/Problem Sets/Problem Set 2/CMakeFiles/CMakeTmp/CheckSymbolExists.c"
Linking C executable cmTC_ca1df
/usr/bin/cmake -E cmake_link_script CMakeFiles/cmTC_ca1df.dir/link.txt --verbose=1
/usr/bin/cc -fPIC     -rdynamic CMakeFiles/cmTC_ca1df.dir/CheckSymbolExists.c.o  -o cmTC_ca1df 
CMakeFiles/cmTC_ca1df.dir/CheckSymbolExists.c.o: In function `main':
CheckSymbolExists.c:(.text+0x1b): undefined reference to `pthread_create'
collect2: error: ld returned 1 exit status
CMakeFiles/cmTC_ca1df.dir/build.make:97: recipe for target 'cmTC_ca1df' failed
make[1]: *** [cmTC_ca1df] Error 1
make[1]: Leaving directory '/home/leizhu/git_repo/cs344/Problem Sets/Problem Set 2/CMakeFiles/CMakeTmp'
Makefile:126: recipe for target 'cmTC_ca1df/fast' failed
make: *** [cmTC_ca1df/fast] Error 2

File /home/leizhu/git_repo/cs344/Problem Sets/Problem Set 2/CMakeFiles/CMakeTmp/CheckSymbolExists.c:
/* */
#include <pthread.h>

int main(int argc, char** argv)
{
  (void)argv;
#ifndef pthread_create
  return ((int*)(&pthread_create))[argc];
#else
  (void)argc;
  return 0;
#endif
}

Determining if the function pthread_create exists in the pthreads failed with the following output:
Change Dir: /home/leizhu/git_repo/cs344/Problem Sets/Problem Set 2/CMakeFiles/CMakeTmp

Run Build Command:"/usr/bin/make" "cmTC_bb031/fast"
/usr/bin/make -f CMakeFiles/cmTC_bb031.dir/build.make CMakeFiles/cmTC_bb031.dir/build
make[1]: Entering directory '/home/leizhu/git_repo/cs344/Problem Sets/Problem Set 2/CMakeFiles/CMakeTmp'
Building C object CMakeFiles/cmTC_bb031.dir/CheckFunctionExists.c.o
/usr/bin/cc   -fPIC -DCHECK_FUNCTION_EXISTS=pthread_create   -o CMakeFiles/cmTC_bb031.dir/CheckFunctionExists.c.o   -c /usr/share/cmake-3.10/Modules/CheckFunctionExists.c
Linking C executable cmTC_bb031
/usr/bin/cmake -E cmake_link_script CMakeFiles/cmTC_bb031.dir/link.txt --verbose=1
/usr/bin/cc -fPIC -DCHECK_FUNCTION_EXISTS=pthread_create    -rdynamic CMakeFiles/cmTC_bb031.dir/CheckFunctionExists.c.o  -o cmTC_bb031 -lpthreads 
/usr/bin/ld: cannot find -lpthreads
collect2: error: ld returned 1 exit status
CMakeFiles/cmTC_bb031.dir/build.make:97: recipe for target 'cmTC_bb031' failed
make[1]: *** [cmTC_bb031] Error 1
make[1]: Leaving directory '/home/leizhu/git_repo/cs344/Problem Sets/Problem Set 2/CMakeFiles/CMakeTmp'
Makefile:126: recipe for target 'cmTC_bb031/fast' failed
make: *** [cmTC_bb031/fast] Error 2


